{"/home/alexandre/Documentos/jobs/tech-tests/ai_scribe_skeleton/server/src/ai.ts": {"path":"/home/alexandre/Documentos/jobs/tech-tests/ai_scribe_skeleton/server/src/ai.ts","statementMap":{"0":{"start":{"line":14,"column":0},"end":{"line":14,"column":7}},"1":{"start":{"line":47,"column":0},"end":{"line":47,"column":7}},"2":{"start":{"line":78,"column":0},"end":{"line":78,"column":7}},"3":{"start":{"line":1,"column":0},"end":{"line":1,"column":20}},"4":{"start":{"line":2,"column":0},"end":{"line":2,"column":24}},"5":{"start":{"line":15,"column":17},"end":{"line":15,"column":43}},"6":{"start":{"line":16,"column":2},"end":{"line":19,"column":3}},"7":{"start":{"line":17,"column":17},"end":{"line":17,"column":53}},"8":{"start":{"line":18,"column":4},"end":{"line":18,"column":42}},"9":{"start":{"line":20,"column":2},"end":{"line":44,"column":3}},"10":{"start":{"line":25,"column":19},"end":{"line":25,"column":44}},"11":{"start":{"line":26,"column":21},"end":{"line":26,"column":57}},"12":{"start":{"line":27,"column":22},"end":{"line":27,"column":70}},"13":{"start":{"line":28,"column":17},"end":{"line":28,"column":55}},"14":{"start":{"line":29,"column":17},"end":{"line":29,"column":31}},"15":{"start":{"line":30,"column":4},"end":{"line":30,"column":40}},"16":{"start":{"line":31,"column":4},"end":{"line":31,"column":38}},"17":{"start":{"line":32,"column":17},"end":{"line":36,"column":6}},"18":{"start":{"line":37,"column":22},"end":{"line":37,"column":39}},"19":{"start":{"line":38,"column":4},"end":{"line":38,"column":78}},"20":{"start":{"line":38,"column":18},"end":{"line":38,"column":78}},"21":{"start":{"line":39,"column":4},"end":{"line":39,"column":21}},"22":{"start":{"line":41,"column":4},"end":{"line":41,"column":46}},"23":{"start":{"line":42,"column":17},"end":{"line":42,"column":53}},"24":{"start":{"line":43,"column":4},"end":{"line":43,"column":42}},"25":{"start":{"line":48,"column":17},"end":{"line":48,"column":43}},"26":{"start":{"line":49,"column":2},"end":{"line":51,"column":3}},"27":{"start":{"line":50,"column":4},"end":{"line":50,"column":75}},"28":{"start":{"line":52,"column":2},"end":{"line":75,"column":3}},"29":{"start":{"line":53,"column":19},"end":{"line":53,"column":107}},"30":{"start":{"line":54,"column":17},"end":{"line":68,"column":6}},"31":{"start":{"line":69,"column":22},"end":{"line":69,"column":39}},"32":{"start":{"line":70,"column":4},"end":{"line":70,"column":75}},"33":{"start":{"line":70,"column":18},"end":{"line":70,"column":75}},"34":{"start":{"line":71,"column":4},"end":{"line":71,"column":61}},"35":{"start":{"line":73,"column":4},"end":{"line":73,"column":40}},"36":{"start":{"line":74,"column":4},"end":{"line":74,"column":75}},"37":{"start":{"line":79,"column":17},"end":{"line":79,"column":43}},"38":{"start":{"line":80,"column":2},"end":{"line":91,"column":3}},"39":{"start":{"line":81,"column":31},"end":{"line":89,"column":6}},"40":{"start":{"line":90,"column":4},"end":{"line":90,"column":51}},"41":{"start":{"line":92,"column":2},"end":{"line":136,"column":3}},"42":{"start":{"line":93,"column":19},"end":{"line":93,"column":219}},"43":{"start":{"line":94,"column":17},"end":{"line":109,"column":6}},"44":{"start":{"line":110,"column":22},"end":{"line":110,"column":39}},"45":{"start":{"line":111,"column":4},"end":{"line":111,"column":75}},"46":{"start":{"line":111,"column":18},"end":{"line":111,"column":75}},"47":{"start":{"line":112,"column":20},"end":{"line":112,"column":63}},"48":{"start":{"line":113,"column":19},"end":{"line":113,"column":78}},"49":{"start":{"line":114,"column":32},"end":{"line":122,"column":6}},"50":{"start":{"line":123,"column":4},"end":{"line":123,"column":53}},"51":{"start":{"line":125,"column":4},"end":{"line":125,"column":49}},"52":{"start":{"line":126,"column":31},"end":{"line":134,"column":6}},"53":{"start":{"line":135,"column":4},"end":{"line":135,"column":51}}},"fnMap":{"0":{"name":"transcribeAudio","decl":{"start":{"line":14,"column":22},"end":{"line":14,"column":37}},"loc":{"start":{"line":14,"column":54},"end":{"line":45,"column":1}}},"1":{"name":"summarizeTranscript","decl":{"start":{"line":47,"column":22},"end":{"line":47,"column":41}},"loc":{"start":{"line":47,"column":60},"end":{"line":76,"column":1}}},"2":{"name":"extractOasisFields","decl":{"start":{"line":78,"column":22},"end":{"line":78,"column":40}},"loc":{"start":{"line":78,"column":59},"end":{"line":137,"column":1}}}},"branchMap":{"0":{"loc":{"start":{"line":16,"column":2},"end":{"line":19,"column":3}},"type":"if","locations":[{"start":{"line":16,"column":2},"end":{"line":19,"column":3}}]},"1":{"loc":{"start":{"line":17,"column":17},"end":{"line":17,"column":53}},"type":"binary-expr","locations":[{"start":{"line":17,"column":17},"end":{"line":17,"column":42}},{"start":{"line":17,"column":46},"end":{"line":17,"column":53}}]},"2":{"loc":{"start":{"line":26,"column":21},"end":{"line":26,"column":57}},"type":"binary-expr","locations":[{"start":{"line":26,"column":21},"end":{"line":26,"column":46}},{"start":{"line":26,"column":50},"end":{"line":26,"column":57}}]},"3":{"loc":{"start":{"line":27,"column":22},"end":{"line":27,"column":70}},"type":"binary-expr","locations":[{"start":{"line":27,"column":22},"end":{"line":27,"column":54}},{"start":{"line":27,"column":58},"end":{"line":27,"column":70}}]},"4":{"loc":{"start":{"line":38,"column":4},"end":{"line":38,"column":78}},"type":"if","locations":[{"start":{"line":38,"column":4},"end":{"line":38,"column":78}}]},"5":{"loc":{"start":{"line":38,"column":34},"end":{"line":38,"column":76}},"type":"binary-expr","locations":[{"start":{"line":38,"column":34},"end":{"line":38,"column":53}},{"start":{"line":38,"column":57},"end":{"line":38,"column":76}}]},"6":{"loc":{"start":{"line":42,"column":17},"end":{"line":42,"column":53}},"type":"binary-expr","locations":[{"start":{"line":42,"column":17},"end":{"line":42,"column":42}},{"start":{"line":42,"column":46},"end":{"line":42,"column":53}}]},"7":{"loc":{"start":{"line":49,"column":2},"end":{"line":51,"column":3}},"type":"if","locations":[{"start":{"line":49,"column":2},"end":{"line":51,"column":3}}]},"8":{"loc":{"start":{"line":50,"column":39},"end":{"line":50,"column":73}},"type":"cond-expr","locations":[{"start":{"line":50,"column":65},"end":{"line":50,"column":68}},{"start":{"line":50,"column":71},"end":{"line":50,"column":73}}]},"9":{"loc":{"start":{"line":70,"column":4},"end":{"line":70,"column":75}},"type":"if","locations":[{"start":{"line":70,"column":4},"end":{"line":70,"column":75}}]},"10":{"loc":{"start":{"line":70,"column":34},"end":{"line":70,"column":73}},"type":"binary-expr","locations":[{"start":{"line":70,"column":34},"end":{"line":70,"column":53}},{"start":{"line":70,"column":57},"end":{"line":70,"column":73}}]},"11":{"loc":{"start":{"line":71,"column":11},"end":{"line":71,"column":60}},"type":"binary-expr","locations":[{"start":{"line":71,"column":11},"end":{"line":71,"column":54}},{"start":{"line":71,"column":58},"end":{"line":71,"column":60}}]},"12":{"loc":{"start":{"line":74,"column":39},"end":{"line":74,"column":73}},"type":"cond-expr","locations":[{"start":{"line":74,"column":65},"end":{"line":74,"column":68}},{"start":{"line":74,"column":71},"end":{"line":74,"column":73}}]},"13":{"loc":{"start":{"line":80,"column":2},"end":{"line":91,"column":3}},"type":"if","locations":[{"start":{"line":80,"column":2},"end":{"line":91,"column":3}}]},"14":{"loc":{"start":{"line":111,"column":4},"end":{"line":111,"column":75}},"type":"if","locations":[{"start":{"line":111,"column":4},"end":{"line":111,"column":75}}]},"15":{"loc":{"start":{"line":111,"column":34},"end":{"line":111,"column":73}},"type":"binary-expr","locations":[{"start":{"line":111,"column":34},"end":{"line":111,"column":53}},{"start":{"line":111,"column":57},"end":{"line":111,"column":73}}]},"16":{"loc":{"start":{"line":112,"column":20},"end":{"line":112,"column":63}},"type":"binary-expr","locations":[{"start":{"line":112,"column":20},"end":{"line":112,"column":55}},{"start":{"line":112,"column":59},"end":{"line":112,"column":63}}]},"17":{"loc":{"start":{"line":113,"column":19},"end":{"line":113,"column":78}},"type":"cond-expr","locations":[{"start":{"line":113,"column":49},"end":{"line":113,"column":68}},{"start":{"line":113,"column":71},"end":{"line":113,"column":78}}]},"18":{"loc":{"start":{"line":115,"column":13},"end":{"line":115,"column":44}},"type":"binary-expr","locations":[{"start":{"line":115,"column":13},"end":{"line":115,"column":37}},{"start":{"line":115,"column":41},"end":{"line":115,"column":44}}]},"19":{"loc":{"start":{"line":116,"column":13},"end":{"line":116,"column":44}},"type":"binary-expr","locations":[{"start":{"line":116,"column":13},"end":{"line":116,"column":37}},{"start":{"line":116,"column":41},"end":{"line":116,"column":44}}]},"20":{"loc":{"start":{"line":117,"column":13},"end":{"line":117,"column":44}},"type":"binary-expr","locations":[{"start":{"line":117,"column":13},"end":{"line":117,"column":37}},{"start":{"line":117,"column":41},"end":{"line":117,"column":44}}]},"21":{"loc":{"start":{"line":118,"column":13},"end":{"line":118,"column":44}},"type":"binary-expr","locations":[{"start":{"line":118,"column":13},"end":{"line":118,"column":37}},{"start":{"line":118,"column":41},"end":{"line":118,"column":44}}]},"22":{"loc":{"start":{"line":119,"column":13},"end":{"line":119,"column":44}},"type":"binary-expr","locations":[{"start":{"line":119,"column":13},"end":{"line":119,"column":37}},{"start":{"line":119,"column":41},"end":{"line":119,"column":44}}]},"23":{"loc":{"start":{"line":120,"column":13},"end":{"line":120,"column":44}},"type":"binary-expr","locations":[{"start":{"line":120,"column":13},"end":{"line":120,"column":37}},{"start":{"line":120,"column":41},"end":{"line":120,"column":44}}]},"24":{"loc":{"start":{"line":121,"column":13},"end":{"line":121,"column":44}},"type":"binary-expr","locations":[{"start":{"line":121,"column":13},"end":{"line":121,"column":37}},{"start":{"line":121,"column":41},"end":{"line":121,"column":44}}]}},"s":{"0":3,"1":3,"2":3,"3":3,"4":3,"5":1,"6":1,"7":1,"8":1,"9":0,"10":0,"11":0,"12":0,"13":0,"14":0,"15":0,"16":0,"17":0,"18":0,"19":0,"20":0,"21":0,"22":0,"23":0,"24":0,"25":1,"26":1,"27":1,"28":0,"29":0,"30":0,"31":0,"32":0,"33":0,"34":0,"35":0,"36":0,"37":1,"38":1,"39":1,"40":1,"41":0,"42":0,"43":0,"44":0,"45":0,"46":0,"47":0,"48":0,"49":0,"50":0,"51":0,"52":0,"53":0},"f":{"0":1,"1":1,"2":1},"b":{"0":[1],"1":[1,0],"2":[0,0],"3":[0,0],"4":[0],"5":[0,0],"6":[0,0],"7":[1],"8":[1,0],"9":[0],"10":[0,0],"11":[0,0],"12":[0,0],"13":[1],"14":[0],"15":[0,0],"16":[0,0],"17":[0,0],"18":[0,0],"19":[0,0],"20":[0,0],"21":[0,0],"22":[0,0],"23":[0,0],"24":[0,0]}}
,"/home/alexandre/Documentos/jobs/tech-tests/ai_scribe_skeleton/server/src/app.ts": {"path":"/home/alexandre/Documentos/jobs/tech-tests/ai_scribe_skeleton/server/src/app.ts","statementMap":{"0":{"start":{"line":1,"column":0},"end":{"line":1,"column":67}},"1":{"start":{"line":2,"column":0},"end":{"line":2,"column":52}},"2":{"start":{"line":3,"column":0},"end":{"line":3,"column":24}},"3":{"start":{"line":4,"column":0},"end":{"line":4,"column":20}},"4":{"start":{"line":5,"column":0},"end":{"line":5,"column":28}},"5":{"start":{"line":6,"column":0},"end":{"line":6,"column":35}},"6":{"start":{"line":7,"column":0},"end":{"line":7,"column":24}},"7":{"start":{"line":8,"column":0},"end":{"line":8,"column":46}},"8":{"start":{"line":9,"column":0},"end":{"line":9,"column":24}},"9":{"start":{"line":10,"column":0},"end":{"line":10,"column":80}},"10":{"start":{"line":11,"column":0},"end":{"line":11,"column":54}},"11":{"start":{"line":12,"column":0},"end":{"line":12,"column":28}},"12":{"start":{"line":13,"column":0},"end":{"line":13,"column":28}},"13":{"start":{"line":15,"column":0},"end":{"line":15,"column":16}},"14":{"start":{"line":17,"column":15},"end":{"line":17,"column":33}},"15":{"start":{"line":18,"column":12},"end":{"line":18,"column":21}},"16":{"start":{"line":21,"column":23},"end":{"line":23,"column":8}},"17":{"start":{"line":22,"column":54},"end":{"line":22,"column":62}},"18":{"start":{"line":24,"column":0},"end":{"line":28,"column":2}},"19":{"start":{"line":29,"column":0},"end":{"line":29,"column":18}},"20":{"start":{"line":30,"column":0},"end":{"line":32,"column":1}},"21":{"start":{"line":31,"column":2},"end":{"line":31,"column":25}},"22":{"start":{"line":33,"column":0},"end":{"line":33,"column":24}},"23":{"start":{"line":37,"column":35},"end":{"line":37,"column":46}},"24":{"start":{"line":38,"column":2},"end":{"line":38,"column":46}},"25":{"start":{"line":38,"column":32},"end":{"line":38,"column":46}},"26":{"start":{"line":39,"column":22},"end":{"line":39,"column":36}},"27":{"start":{"line":40,"column":2},"end":{"line":43,"column":3}},"28":{"start":{"line":41,"column":4},"end":{"line":41,"column":64}},"29":{"start":{"line":42,"column":4},"end":{"line":42,"column":59}},"30":{"start":{"line":44,"column":2},"end":{"line":44,"column":9}},"31":{"start":{"line":46,"column":0},"end":{"line":46,"column":24}},"32":{"start":{"line":49,"column":18},"end":{"line":49,"column":55}},"33":{"start":{"line":50,"column":0},"end":{"line":50,"column":55}},"34":{"start":{"line":50,"column":31},"end":{"line":50,"column":55}},"35":{"start":{"line":51,"column":16},"end":{"line":58,"column":2}},"36":{"start":{"line":52,"column":118},"end":{"line":52,"column":137}},"37":{"start":{"line":54,"column":22},"end":{"line":54,"column":32}},"38":{"start":{"line":55,"column":22},"end":{"line":55,"column":70}},"39":{"start":{"line":56,"column":4},"end":{"line":56,"column":42}},"40":{"start":{"line":59,"column":15},"end":{"line":66,"column":2}},"41":{"start":{"line":63,"column":4},"end":{"line":64,"column":44}},"42":{"start":{"line":63,"column":44},"end":{"line":63,"column":59}},"43":{"start":{"line":64,"column":9},"end":{"line":64,"column":44}},"44":{"start":{"line":70,"column":2},"end":{"line":72,"column":4}},"45":{"start":{"line":71,"column":4},"end":{"line":71,"column":52}},"46":{"start":{"line":76,"column":25},"end":{"line":78,"column":2}},"47":{"start":{"line":77,"column":33},"end":{"line":77,"column":42}},"48":{"start":{"line":82,"column":14},"end":{"line":82,"column":51}},"49":{"start":{"line":83,"column":2},"end":{"line":83,"column":46}},"50":{"start":{"line":83,"column":34},"end":{"line":83,"column":46}},"51":{"start":{"line":84,"column":14},"end":{"line":84,"column":25}},"52":{"start":{"line":85,"column":2},"end":{"line":85,"column":36}},"53":{"start":{"line":85,"column":25},"end":{"line":85,"column":36}},"54":{"start":{"line":86,"column":18},"end":{"line":86,"column":59}},"55":{"start":{"line":87,"column":2},"end":{"line":87,"column":25}},"56":{"start":{"line":91,"column":0},"end":{"line":94,"column":4}},"57":{"start":{"line":92,"column":19},"end":{"line":92,"column":76}},"58":{"start":{"line":93,"column":2},"end":{"line":93,"column":21}},"59":{"start":{"line":96,"column":0},"end":{"line":110,"column":4}},"60":{"start":{"line":98,"column":16},"end":{"line":108,"column":4}},"61":{"start":{"line":109,"column":2},"end":{"line":109,"column":18}},"62":{"start":{"line":112,"column":21},"end":{"line":112,"column":98}},"63":{"start":{"line":112,"column":56},"end":{"line":112,"column":65}},"64":{"start":{"line":113,"column":0},"end":{"line":131,"column":4}},"65":{"start":{"line":114,"column":17},"end":{"line":114,"column":62}},"66":{"start":{"line":115,"column":2},"end":{"line":115,"column":76}},"67":{"start":{"line":115,"column":23},"end":{"line":115,"column":76}},"68":{"start":{"line":116,"column":13},"end":{"line":116,"column":27}},"69":{"start":{"line":117,"column":15},"end":{"line":120,"column":4}},"70":{"start":{"line":121,"column":2},"end":{"line":121,"column":70}},"71":{"start":{"line":121,"column":13},"end":{"line":121,"column":70}},"72":{"start":{"line":124,"column":16},"end":{"line":124,"column":107}},"73":{"start":{"line":125,"column":2},"end":{"line":129,"column":3}},"74":{"start":{"line":126,"column":4},"end":{"line":126,"column":64}},"75":{"start":{"line":128,"column":4},"end":{"line":128,"column":132}},"76":{"start":{"line":130,"column":2},"end":{"line":130,"column":34}},"77":{"start":{"line":133,"column":0},"end":{"line":182,"column":4}},"78":{"start":{"line":134,"column":17},"end":{"line":134,"column":53}},"79":{"start":{"line":135,"column":2},"end":{"line":137,"column":3}},"80":{"start":{"line":136,"column":4},"end":{"line":136,"column":64}},"81":{"start":{"line":138,"column":2},"end":{"line":138,"column":82}},"82":{"start":{"line":138,"column":17},"end":{"line":138,"column":82}},"83":{"start":{"line":139,"column":20},"end":{"line":139,"column":41}},"84":{"start":{"line":140,"column":18},"end":{"line":140,"column":79}},"85":{"start":{"line":141,"column":2},"end":{"line":141,"column":76}},"86":{"start":{"line":141,"column":16},"end":{"line":141,"column":76}},"87":{"start":{"line":142,"column":21},"end":{"line":142,"column":58}},"88":{"start":{"line":145,"column":21},"end":{"line":145,"column":53}},"89":{"start":{"line":146,"column":18},"end":{"line":146,"column":55}},"90":{"start":{"line":147,"column":36},"end":{"line":147,"column":72}},"91":{"start":{"line":152,"column":16},"end":{"line":152,"column":107}},"92":{"start":{"line":153,"column":2},"end":{"line":161,"column":3}},"93":{"start":{"line":154,"column":19},"end":{"line":154,"column":45}},"94":{"start":{"line":155,"column":4},"end":{"line":155,"column":128}},"95":{"start":{"line":157,"column":4},"end":{"line":157,"column":29}},"96":{"start":{"line":160,"column":4},"end":{"line":160,"column":58}},"97":{"start":{"line":162,"column":15},"end":{"line":178,"column":4}},"98":{"start":{"line":180,"column":14},"end":{"line":180,"column":161}},"99":{"start":{"line":181,"column":2},"end":{"line":181,"column":51}},"100":{"start":{"line":185,"column":0},"end":{"line":193,"column":4}},"101":{"start":{"line":186,"column":2},"end":{"line":192,"column":3}},"102":{"start":{"line":188,"column":4},"end":{"line":188,"column":37}},"103":{"start":{"line":189,"column":4},"end":{"line":189,"column":31}},"104":{"start":{"line":191,"column":4},"end":{"line":191,"column":77}},"105":{"start":{"line":196,"column":0},"end":{"line":196,"column":75}},"106":{"start":{"line":199,"column":0},"end":{"line":210,"column":3}},"107":{"start":{"line":200,"column":2},"end":{"line":200,"column":21}},"108":{"start":{"line":202,"column":2},"end":{"line":204,"column":3}},"109":{"start":{"line":203,"column":4},"end":{"line":203,"column":56}},"110":{"start":{"line":206,"column":2},"end":{"line":208,"column":3}},"111":{"start":{"line":207,"column":4},"end":{"line":207,"column":56}},"112":{"start":{"line":209,"column":2},"end":{"line":209,"column":74}},"113":{"start":{"line":213,"column":0},"end":{"line":218,"column":1}},"114":{"start":{"line":214,"column":15},"end":{"line":214,"column":65}},"115":{"start":{"line":215,"column":2},"end":{"line":217,"column":5}},"116":{"start":{"line":216,"column":4},"end":{"line":216,"column":64}},"117":{"start":{"line":220,"column":0},"end":{"line":220,"column":19}}},"fnMap":{"0":{"name":"(anonymous_1)","decl":{"start":{"line":22,"column":47},"end":{"line":22,"column":48}},"loc":{"start":{"line":22,"column":54},"end":{"line":22,"column":62}}},"1":{"name":"authMiddleware","decl":{"start":{"line":36,"column":9},"end":{"line":36,"column":23}},"loc":{"start":{"line":36,"column":71},"end":{"line":45,"column":1}}},"2":{"name":"(anonymous_3)","decl":{"start":{"line":52,"column":15},"end":{"line":52,"column":16}},"loc":{"start":{"line":52,"column":118},"end":{"line":52,"column":137}}},"3":{"name":"(anonymous_4)","decl":{"start":{"line":53,"column":12},"end":{"line":53,"column":13}},"loc":{"start":{"line":53,"column":110},"end":{"line":57,"column":3}}},"4":{"name":"(anonymous_5)","decl":{"start":{"line":62,"column":14},"end":{"line":62,"column":15}},"loc":{"start":{"line":62,"column":83},"end":{"line":65,"column":3}}},"5":{"name":"asyncHandler","decl":{"start":{"line":69,"column":9},"end":{"line":69,"column":21}},"loc":{"start":{"line":69,"column":29},"end":{"line":73,"column":1}}},"6":{"name":"(anonymous_7)","decl":{"start":{"line":70,"column":9},"end":{"line":70,"column":10}},"loc":{"start":{"line":70,"column":61},"end":{"line":72,"column":3}}},"7":{"name":"(anonymous_8)","decl":{"start":{"line":77,"column":26},"end":{"line":77,"column":27}},"loc":{"start":{"line":77,"column":33},"end":{"line":77,"column":42}}},"8":{"name":"normalizeOasisValue","decl":{"start":{"line":81,"column":9},"end":{"line":81,"column":28}},"loc":{"start":{"line":81,"column":37},"end":{"line":88,"column":1}}},"9":{"name":"(anonymous_10)","decl":{"start":{"line":91,"column":34},"end":{"line":91,"column":39}},"loc":{"start":{"line":91,"column":73},"end":{"line":94,"column":1}}},"10":{"name":"(anonymous_11)","decl":{"start":{"line":96,"column":31},"end":{"line":96,"column":36}},"loc":{"start":{"line":96,"column":70},"end":{"line":110,"column":1}}},"11":{"name":"(anonymous_12)","decl":{"start":{"line":112,"column":49},"end":{"line":112,"column":50}},"loc":{"start":{"line":112,"column":56},"end":{"line":112,"column":65}}},"12":{"name":"(anonymous_13)","decl":{"start":{"line":113,"column":35},"end":{"line":113,"column":40}},"loc":{"start":{"line":113,"column":73},"end":{"line":131,"column":1}}},"13":{"name":"(anonymous_14)","decl":{"start":{"line":133,"column":56},"end":{"line":133,"column":61}},"loc":{"start":{"line":133,"column":94},"end":{"line":182,"column":1}}},"14":{"name":"(anonymous_15)","decl":{"start":{"line":185,"column":33},"end":{"line":185,"column":38}},"loc":{"start":{"line":185,"column":72},"end":{"line":193,"column":1}}},"15":{"name":"(anonymous_16)","decl":{"start":{"line":199,"column":8},"end":{"line":199,"column":9}},"loc":{"start":{"line":199,"column":72},"end":{"line":210,"column":1}}},"16":{"name":"(anonymous_17)","decl":{"start":{"line":215,"column":19},"end":{"line":215,"column":22}},"loc":{"start":{"line":215,"column":24},"end":{"line":217,"column":3}}}},"branchMap":{"0":{"loc":{"start":{"line":21,"column":23},"end":{"line":23,"column":8}},"type":"cond-expr","locations":[{"start":{"line":22,"column":4},"end":{"line":22,"column":63}},{"start":{"line":23,"column":4},"end":{"line":23,"column":8}}]},"1":{"loc":{"start":{"line":26,"column":12},"end":{"line":26,"column":33}},"type":"binary-expr","locations":[{"start":{"line":26,"column":12},"end":{"line":26,"column":26}},{"start":{"line":26,"column":30},"end":{"line":26,"column":33}}]},"2":{"loc":{"start":{"line":30,"column":0},"end":{"line":32,"column":1}},"type":"if","locations":[{"start":{"line":30,"column":0},"end":{"line":32,"column":1}}]},"3":{"loc":{"start":{"line":38,"column":2},"end":{"line":38,"column":46}},"type":"if","locations":[{"start":{"line":38,"column":2},"end":{"line":38,"column":46}}]},"4":{"loc":{"start":{"line":38,"column":6},"end":{"line":38,"column":30}},"type":"binary-expr","locations":[{"start":{"line":38,"column":6},"end":{"line":38,"column":16}},{"start":{"line":38,"column":20},"end":{"line":38,"column":30}}]},"5":{"loc":{"start":{"line":40,"column":2},"end":{"line":43,"column":3}},"type":"if","locations":[{"start":{"line":40,"column":2},"end":{"line":43,"column":3}}]},"6":{"loc":{"start":{"line":40,"column":6},"end":{"line":40,"column":86}},"type":"binary-expr","locations":[{"start":{"line":40,"column":6},"end":{"line":40,"column":18}},{"start":{"line":40,"column":22},"end":{"line":40,"column":52}},{"start":{"line":40,"column":56},"end":{"line":40,"column":86}}]},"7":{"loc":{"start":{"line":50,"column":0},"end":{"line":50,"column":55}},"type":"if","locations":[{"start":{"line":50,"column":0},"end":{"line":50,"column":55}}]},"8":{"loc":{"start":{"line":63,"column":4},"end":{"line":64,"column":44}},"type":"if","locations":[{"start":{"line":63,"column":4},"end":{"line":64,"column":44}},{"start":{"line":64,"column":9},"end":{"line":64,"column":44}}]},"9":{"loc":{"start":{"line":82,"column":14},"end":{"line":82,"column":51}},"type":"cond-expr","locations":[{"start":{"line":82,"column":28},"end":{"line":82,"column":46}},{"start":{"line":82,"column":49},"end":{"line":82,"column":51}}]},"10":{"loc":{"start":{"line":83,"column":2},"end":{"line":83,"column":46}},"type":"if","locations":[{"start":{"line":83,"column":2},"end":{"line":83,"column":46}}]},"11":{"loc":{"start":{"line":85,"column":2},"end":{"line":85,"column":36}},"type":"if","locations":[{"start":{"line":85,"column":2},"end":{"line":85,"column":36}}]},"12":{"loc":{"start":{"line":115,"column":2},"end":{"line":115,"column":76}},"type":"if","locations":[{"start":{"line":115,"column":2},"end":{"line":115,"column":76}}]},"13":{"loc":{"start":{"line":121,"column":2},"end":{"line":121,"column":70}},"type":"if","locations":[{"start":{"line":121,"column":2},"end":{"line":121,"column":70}}]},"14":{"loc":{"start":{"line":124,"column":16},"end":{"line":124,"column":107}},"type":"binary-expr","locations":[{"start":{"line":124,"column":16},"end":{"line":124,"column":45}},{"start":{"line":124,"column":49},"end":{"line":124,"column":82}},{"start":{"line":124,"column":86},"end":{"line":124,"column":107}}]},"15":{"loc":{"start":{"line":125,"column":2},"end":{"line":129,"column":3}},"type":"if","locations":[{"start":{"line":125,"column":2},"end":{"line":129,"column":3}},{"start":{"line":127,"column":9},"end":{"line":129,"column":3}}]},"16":{"loc":{"start":{"line":128,"column":18},"end":{"line":128,"column":95}},"type":"binary-expr","locations":[{"start":{"line":128,"column":18},"end":{"line":128,"column":45}},{"start":{"line":128,"column":49},"end":{"line":128,"column":95}}]},"17":{"loc":{"start":{"line":128,"column":69},"end":{"line":128,"column":93}},"type":"binary-expr","locations":[{"start":{"line":128,"column":69},"end":{"line":128,"column":85}},{"start":{"line":128,"column":89},"end":{"line":128,"column":93}}]},"18":{"loc":{"start":{"line":135,"column":2},"end":{"line":137,"column":3}},"type":"if","locations":[{"start":{"line":135,"column":2},"end":{"line":137,"column":3}}]},"19":{"loc":{"start":{"line":138,"column":2},"end":{"line":138,"column":82}},"type":"if","locations":[{"start":{"line":138,"column":2},"end":{"line":138,"column":82}}]},"20":{"loc":{"start":{"line":141,"column":2},"end":{"line":141,"column":76}},"type":"if","locations":[{"start":{"line":141,"column":2},"end":{"line":141,"column":76}}]},"21":{"loc":{"start":{"line":152,"column":16},"end":{"line":152,"column":107}},"type":"binary-expr","locations":[{"start":{"line":152,"column":16},"end":{"line":152,"column":45}},{"start":{"line":152,"column":49},"end":{"line":152,"column":82}},{"start":{"line":152,"column":86},"end":{"line":152,"column":107}}]},"22":{"loc":{"start":{"line":153,"column":2},"end":{"line":161,"column":3}},"type":"if","locations":[{"start":{"line":153,"column":2},"end":{"line":161,"column":3}},{"start":{"line":158,"column":9},"end":{"line":161,"column":3}}]},"23":{"loc":{"start":{"line":180,"column":14},"end":{"line":180,"column":161}},"type":"cond-expr","locations":[{"start":{"line":180,"column":22},"end":{"line":180,"column":56}},{"start":{"line":180,"column":59},"end":{"line":180,"column":161}}]},"24":{"loc":{"start":{"line":180,"column":62},"end":{"line":180,"column":139}},"type":"binary-expr","locations":[{"start":{"line":180,"column":62},"end":{"line":180,"column":89}},{"start":{"line":180,"column":93},"end":{"line":180,"column":139}}]},"25":{"loc":{"start":{"line":180,"column":113},"end":{"line":180,"column":137}},"type":"binary-expr","locations":[{"start":{"line":180,"column":113},"end":{"line":180,"column":129}},{"start":{"line":180,"column":133},"end":{"line":180,"column":137}}]},"26":{"loc":{"start":{"line":202,"column":2},"end":{"line":204,"column":3}},"type":"if","locations":[{"start":{"line":202,"column":2},"end":{"line":204,"column":3}}]},"27":{"loc":{"start":{"line":206,"column":2},"end":{"line":208,"column":3}},"type":"if","locations":[{"start":{"line":206,"column":2},"end":{"line":208,"column":3}}]},"28":{"loc":{"start":{"line":206,"column":6},"end":{"line":206,"column":48}},"type":"binary-expr","locations":[{"start":{"line":206,"column":6},"end":{"line":206,"column":9}},{"start":{"line":206,"column":13},"end":{"line":206,"column":48}}]},"29":{"loc":{"start":{"line":209,"column":32},"end":{"line":209,"column":70}},"type":"binary-expr","locations":[{"start":{"line":209,"column":32},"end":{"line":209,"column":43}},{"start":{"line":209,"column":47},"end":{"line":209,"column":70}}]},"30":{"loc":{"start":{"line":213,"column":0},"end":{"line":218,"column":1}},"type":"if","locations":[{"start":{"line":213,"column":0},"end":{"line":218,"column":1}}]},"31":{"loc":{"start":{"line":214,"column":15},"end":{"line":214,"column":65}},"type":"cond-expr","locations":[{"start":{"line":214,"column":34},"end":{"line":214,"column":58}},{"start":{"line":214,"column":61},"end":{"line":214,"column":65}}]}},"s":{"0":3,"1":3,"2":3,"3":3,"4":3,"5":3,"6":3,"7":3,"8":3,"9":3,"10":3,"11":3,"12":3,"13":3,"14":3,"15":3,"16":3,"17":0,"18":3,"19":3,"20":3,"21":0,"22":3,"23":11,"24":11,"25":11,"26":0,"27":0,"28":0,"29":0,"30":0,"31":3,"32":3,"33":3,"34":0,"35":3,"36":4,"37":4,"38":4,"39":4,"40":3,"41":4,"42":4,"43":0,"44":15,"45":11,"46":3,"47":5,"48":14,"49":14,"50":2,"51":12,"52":12,"53":2,"54":10,"55":10,"56":3,"57":1,"58":1,"59":3,"60":1,"61":1,"62":3,"63":3,"64":3,"65":3,"66":3,"67":1,"68":2,"69":2,"70":2,"71":1,"72":1,"73":1,"74":0,"75":1,"76":1,"77":3,"78":5,"79":5,"80":1,"81":4,"82":1,"83":3,"84":3,"85":3,"86":1,"87":2,"88":2,"89":2,"90":2,"91":2,"92":2,"93":0,"94":0,"95":0,"96":2,"97":2,"98":2,"99":2,"100":3,"101":1,"102":1,"103":1,"104":0,"105":3,"106":3,"107":0,"108":0,"109":0,"110":0,"111":0,"112":0,"113":3,"114":0,"115":0,"116":0,"117":3},"f":{"0":0,"1":11,"2":4,"3":4,"4":4,"5":15,"6":11,"7":5,"8":14,"9":1,"10":1,"11":3,"12":3,"13":5,"14":1,"15":0,"16":0},"b":{"0":[0,3],"1":[3,3],"2":[0],"3":[11],"4":[11,0],"5":[0],"6":[0,0,0],"7":[0],"8":[4,0],"9":[14,0],"10":[2],"11":[2],"12":[1],"13":[1],"14":[1,0,0],"15":[0,1],"16":[1,0],"17":[0,0],"18":[1],"19":[1],"20":[1],"21":[2,0,0],"22":[0,2],"23":[0,2],"24":[2,0],"25":[0,0],"26":[0],"27":[0],"28":[0,0],"29":[0,0],"30":[0],"31":[0,0]}}
,"/home/alexandre/Documentos/jobs/tech-tests/ai_scribe_skeleton/server/src/s3.ts": {"path":"/home/alexandre/Documentos/jobs/tech-tests/ai_scribe_skeleton/server/src/s3.ts","statementMap":{"0":{"start":{"line":19,"column":0},"end":{"line":19,"column":7}},"1":{"start":{"line":36,"column":0},"end":{"line":36,"column":7}},"2":{"start":{"line":1,"column":0},"end":{"line":1,"column":82}},"3":{"start":{"line":2,"column":0},"end":{"line":2,"column":61}},"4":{"start":{"line":4,"column":15},"end":{"line":4,"column":36}},"5":{"start":{"line":5,"column":15},"end":{"line":5,"column":52}},"6":{"start":{"line":7,"column":32},"end":{"line":7,"column":36}},"7":{"start":{"line":9,"column":2},"end":{"line":11,"column":3}},"8":{"start":{"line":10,"column":4},"end":{"line":10,"column":40}},"9":{"start":{"line":12,"column":2},"end":{"line":12,"column":18}},"10":{"start":{"line":20,"column":2},"end":{"line":20,"column":62}},"11":{"start":{"line":20,"column":15},"end":{"line":20,"column":62}},"12":{"start":{"line":21,"column":17},"end":{"line":21,"column":30}},"13":{"start":{"line":22,"column":2},"end":{"line":27,"column":6}},"14":{"start":{"line":29,"column":2},"end":{"line":29,"column":13}},"15":{"start":{"line":37,"column":2},"end":{"line":37,"column":27}},"16":{"start":{"line":37,"column":15},"end":{"line":37,"column":27}},"17":{"start":{"line":38,"column":17},"end":{"line":38,"column":30}},"18":{"start":{"line":39,"column":18},"end":{"line":39,"column":68}},"19":{"start":{"line":40,"column":20},"end":{"line":40,"column":96}},"20":{"start":{"line":41,"column":2},"end":{"line":41,"column":60}}},"fnMap":{"0":{"name":"getS3Client","decl":{"start":{"line":8,"column":9},"end":{"line":8,"column":20}},"loc":{"start":{"line":8,"column":20},"end":{"line":13,"column":1}}},"1":{"name":"uploadToS3","decl":{"start":{"line":19,"column":22},"end":{"line":19,"column":32}},"loc":{"start":{"line":19,"column":79},"end":{"line":30,"column":1}}},"2":{"name":"getSignedUrlForKey","decl":{"start":{"line":36,"column":22},"end":{"line":36,"column":40}},"loc":{"start":{"line":36,"column":52},"end":{"line":42,"column":1}}}},"branchMap":{"0":{"loc":{"start":{"line":5,"column":15},"end":{"line":5,"column":52}},"type":"binary-expr","locations":[{"start":{"line":5,"column":15},"end":{"line":5,"column":37}},{"start":{"line":5,"column":41},"end":{"line":5,"column":52}}]},"1":{"loc":{"start":{"line":9,"column":2},"end":{"line":11,"column":3}},"type":"if","locations":[{"start":{"line":9,"column":2},"end":{"line":11,"column":3}}]},"2":{"loc":{"start":{"line":20,"column":2},"end":{"line":20,"column":62}},"type":"if","locations":[{"start":{"line":20,"column":2},"end":{"line":20,"column":62}}]},"3":{"loc":{"start":{"line":37,"column":2},"end":{"line":37,"column":27}},"type":"if","locations":[{"start":{"line":37,"column":2},"end":{"line":37,"column":27}}]},"4":{"loc":{"start":{"line":40,"column":20},"end":{"line":40,"column":96}},"type":"cond-expr","locations":[{"start":{"line":40,"column":49},"end":{"line":40,"column":89}},{"start":{"line":40,"column":92},"end":{"line":40,"column":96}}]}},"s":{"0":3,"1":3,"2":3,"3":3,"4":3,"5":3,"6":3,"7":0,"8":0,"9":0,"10":0,"11":0,"12":0,"13":0,"14":0,"15":0,"16":0,"17":0,"18":0,"19":0,"20":0},"f":{"0":0,"1":0,"2":0},"b":{"0":[3,3],"1":[0],"2":[0],"3":[0],"4":[0,0]}}
}
