TN:
SF:src/ai.ts
FN:14,transcribeAudio
FN:47,summarizeTranscript
FN:78,extractOasisFields
FNF:3
FNH:3
FNDA:1,transcribeAudio
FNDA:1,summarizeTranscript
FNDA:1,extractOasisFields
DA:1,3
DA:2,3
DA:14,3
DA:15,1
DA:16,1
DA:17,1
DA:18,1
DA:20,0
DA:25,0
DA:26,0
DA:27,0
DA:28,0
DA:29,0
DA:30,0
DA:31,0
DA:32,0
DA:37,0
DA:38,0
DA:39,0
DA:41,0
DA:42,0
DA:43,0
DA:47,3
DA:48,1
DA:49,1
DA:50,1
DA:52,0
DA:53,0
DA:54,0
DA:69,0
DA:70,0
DA:71,0
DA:73,0
DA:74,0
DA:78,3
DA:79,1
DA:80,1
DA:81,1
DA:90,1
DA:92,0
DA:93,0
DA:94,0
DA:110,0
DA:111,0
DA:112,0
DA:113,0
DA:114,0
DA:123,0
DA:125,0
DA:126,0
DA:135,0
LF:51
LH:16
BRDA:16,0,0,1
BRDA:17,1,0,1
BRDA:17,1,1,0
BRDA:26,2,0,0
BRDA:26,2,1,0
BRDA:27,3,0,0
BRDA:27,3,1,0
BRDA:38,4,0,0
BRDA:38,5,0,0
BRDA:38,5,1,0
BRDA:42,6,0,0
BRDA:42,6,1,0
BRDA:49,7,0,1
BRDA:50,8,0,1
BRDA:50,8,1,0
BRDA:70,9,0,0
BRDA:70,10,0,0
BRDA:70,10,1,0
BRDA:71,11,0,0
BRDA:71,11,1,0
BRDA:74,12,0,0
BRDA:74,12,1,0
BRDA:80,13,0,1
BRDA:111,14,0,0
BRDA:111,15,0,0
BRDA:111,15,1,0
BRDA:112,16,0,0
BRDA:112,16,1,0
BRDA:113,17,0,0
BRDA:113,17,1,0
BRDA:115,18,0,0
BRDA:115,18,1,0
BRDA:116,19,0,0
BRDA:116,19,1,0
BRDA:117,20,0,0
BRDA:117,20,1,0
BRDA:118,21,0,0
BRDA:118,21,1,0
BRDA:119,22,0,0
BRDA:119,22,1,0
BRDA:120,23,0,0
BRDA:120,23,1,0
BRDA:121,24,0,0
BRDA:121,24,1,0
BRF:44
BRH:5
end_of_record
TN:
SF:src/app.ts
FN:22,(anonymous_1)
FN:36,authMiddleware
FN:52,(anonymous_3)
FN:53,(anonymous_4)
FN:62,(anonymous_5)
FN:69,asyncHandler
FN:70,(anonymous_7)
FN:77,(anonymous_8)
FN:81,normalizeOasisValue
FN:91,(anonymous_10)
FN:96,(anonymous_11)
FN:112,(anonymous_12)
FN:113,(anonymous_13)
FN:133,(anonymous_14)
FN:185,(anonymous_15)
FN:199,(anonymous_16)
FN:215,(anonymous_17)
FNF:17
FNH:14
FNDA:0,(anonymous_1)
FNDA:11,authMiddleware
FNDA:4,(anonymous_3)
FNDA:4,(anonymous_4)
FNDA:4,(anonymous_5)
FNDA:15,asyncHandler
FNDA:11,(anonymous_7)
FNDA:5,(anonymous_8)
FNDA:14,normalizeOasisValue
FNDA:1,(anonymous_10)
FNDA:1,(anonymous_11)
FNDA:3,(anonymous_12)
FNDA:3,(anonymous_13)
FNDA:5,(anonymous_14)
FNDA:1,(anonymous_15)
FNDA:0,(anonymous_16)
FNDA:0,(anonymous_17)
DA:1,3
DA:2,3
DA:3,3
DA:4,3
DA:5,3
DA:6,3
DA:7,3
DA:8,3
DA:9,3
DA:10,3
DA:11,3
DA:12,3
DA:13,3
DA:15,3
DA:17,3
DA:18,3
DA:21,3
DA:22,0
DA:24,3
DA:29,3
DA:30,3
DA:31,0
DA:33,3
DA:37,11
DA:38,11
DA:39,0
DA:40,0
DA:41,0
DA:42,0
DA:44,0
DA:46,3
DA:49,3
DA:50,3
DA:51,3
DA:52,4
DA:54,4
DA:55,4
DA:56,4
DA:59,3
DA:63,4
DA:64,0
DA:70,15
DA:71,11
DA:76,3
DA:77,5
DA:82,14
DA:83,14
DA:84,12
DA:85,12
DA:86,10
DA:87,10
DA:91,3
DA:92,1
DA:93,1
DA:96,3
DA:98,1
DA:109,1
DA:112,3
DA:113,3
DA:114,3
DA:115,3
DA:116,2
DA:117,2
DA:121,2
DA:124,1
DA:125,1
DA:126,0
DA:128,1
DA:130,1
DA:133,3
DA:134,5
DA:135,5
DA:136,1
DA:138,4
DA:139,3
DA:140,3
DA:141,3
DA:142,2
DA:145,2
DA:146,2
DA:147,2
DA:152,2
DA:153,2
DA:154,0
DA:155,0
DA:157,0
DA:160,2
DA:162,2
DA:180,2
DA:181,2
DA:185,3
DA:186,1
DA:188,1
DA:189,1
DA:191,0
DA:196,3
DA:199,3
DA:200,0
DA:202,0
DA:203,0
DA:206,0
DA:207,0
DA:209,0
DA:213,3
DA:214,0
DA:215,0
DA:216,0
DA:220,3
LF:108
LH:86
BRDA:21,0,0,0
BRDA:21,0,1,3
BRDA:26,1,0,3
BRDA:26,1,1,3
BRDA:30,2,0,0
BRDA:38,3,0,11
BRDA:38,4,0,11
BRDA:38,4,1,0
BRDA:40,5,0,0
BRDA:40,6,0,0
BRDA:40,6,1,0
BRDA:40,6,2,0
BRDA:50,7,0,0
BRDA:63,8,0,4
BRDA:63,8,1,0
BRDA:82,9,0,14
BRDA:82,9,1,0
BRDA:83,10,0,2
BRDA:85,11,0,2
BRDA:115,12,0,1
BRDA:121,13,0,1
BRDA:124,14,0,1
BRDA:124,14,1,0
BRDA:124,14,2,0
BRDA:125,15,0,0
BRDA:125,15,1,1
BRDA:128,16,0,1
BRDA:128,16,1,0
BRDA:128,17,0,0
BRDA:128,17,1,0
BRDA:135,18,0,1
BRDA:138,19,0,1
BRDA:141,20,0,1
BRDA:152,21,0,2
BRDA:152,21,1,0
BRDA:152,21,2,0
BRDA:153,22,0,0
BRDA:153,22,1,2
BRDA:180,23,0,0
BRDA:180,23,1,2
BRDA:180,24,0,2
BRDA:180,24,1,0
BRDA:180,25,0,0
BRDA:180,25,1,0
BRDA:202,26,0,0
BRDA:206,27,0,0
BRDA:206,28,0,0
BRDA:206,28,1,0
BRDA:209,29,0,0
BRDA:209,29,1,0
BRDA:213,30,0,0
BRDA:214,31,0,0
BRDA:214,31,1,0
BRF:53
BRH:21
end_of_record
TN:
SF:src/s3.ts
FN:8,getS3Client
FN:19,uploadToS3
FN:36,getSignedUrlForKey
FNF:3
FNH:0
FNDA:0,getS3Client
FNDA:0,uploadToS3
FNDA:0,getSignedUrlForKey
DA:1,3
DA:2,3
DA:4,3
DA:5,3
DA:7,3
DA:9,0
DA:10,0
DA:12,0
DA:19,3
DA:20,0
DA:21,0
DA:22,0
DA:29,0
DA:36,3
DA:37,0
DA:38,0
DA:39,0
DA:40,0
DA:41,0
LF:19
LH:7
BRDA:5,0,0,3
BRDA:5,0,1,3
BRDA:9,1,0,0
BRDA:20,2,0,0
BRDA:37,3,0,0
BRDA:40,4,0,0
BRDA:40,4,1,0
BRF:7
BRH:2
end_of_record
