{"/home/alexandre/Documentos/jobs/tech-tests/ai_scribe_skeleton/client/components/ui/alert.tsx": {"path":"/home/alexandre/Documentos/jobs/tech-tests/ai_scribe_skeleton/client/components/ui/alert.tsx","statementMap":{"0":{"start":{"line":6,"column":48},"end":{"line":10,"column":1}},"1":{"start":{"line":16,"column":21},"end":{"line":27,"column":1}},"2":{"start":{"line":18,"column":2},"end":{"line":25,"column":4}},"3":{"start":{"line":28,"column":0},"end":{"line":28,"column":28}}},"fnMap":{"0":{"name":"(anonymous_0)","decl":{"start":{"line":17,"column":1},"end":{"line":17,"column":2}},"loc":{"start":{"line":17,"column":53},"end":{"line":26,"column":2}},"line":17}},"branchMap":{"0":{"loc":{"start":{"line":17,"column":15},"end":{"line":17,"column":31}},"type":"default-arg","locations":[{"start":{"line":17,"column":25},"end":{"line":17,"column":31}}],"line":17}},"s":{"0":2,"1":2,"2":2,"3":2},"f":{"0":2},"b":{"0":[0]},"_coverageSchema":"1a1c01bbd47fc00a2c39e90264f33305004495a9","hash":"54adcbf484ed4eda8ff81372d5000c5c4901ca29"}
,"/home/alexandre/Documentos/jobs/tech-tests/ai_scribe_skeleton/client/components/ui/button.tsx": {"path":"/home/alexandre/Documentos/jobs/tech-tests/ai_scribe_skeleton/client/components/ui/button.tsx","statementMap":{"0":{"start":{"line":7,"column":22},"end":{"line":20,"column":1}},"1":{"start":{"line":9,"column":4},"end":{"line":18,"column":6}},"2":{"start":{"line":21,"column":0},"end":{"line":21,"column":30}}},"fnMap":{"0":{"name":"(anonymous_0)","decl":{"start":{"line":8,"column":2},"end":{"line":8,"column":3}},"loc":{"start":{"line":8,"column":36},"end":{"line":19,"column":3}},"line":8}},"branchMap":{},"s":{"0":2,"1":16,"2":2},"f":{"0":16},"b":{},"_coverageSchema":"1a1c01bbd47fc00a2c39e90264f33305004495a9","hash":"12a9b831a1cd019f43e533ce9a01130e4967123d"}
,"/home/alexandre/Documentos/jobs/tech-tests/ai_scribe_skeleton/client/components/ui/card.tsx": {"path":"/home/alexandre/Documentos/jobs/tech-tests/ai_scribe_skeleton/client/components/ui/card.tsx","statementMap":{"0":{"start":{"line":4,"column":20},"end":{"line":12,"column":1}},"1":{"start":{"line":6,"column":2},"end":{"line":10,"column":4}},"2":{"start":{"line":13,"column":0},"end":{"line":13,"column":26}},"3":{"start":{"line":15,"column":26},"end":{"line":19,"column":1}},"4":{"start":{"line":17,"column":2},"end":{"line":17,"column":89}},"5":{"start":{"line":20,"column":0},"end":{"line":20,"column":38}},"6":{"start":{"line":22,"column":25},"end":{"line":30,"column":1}},"7":{"start":{"line":24,"column":2},"end":{"line":28,"column":4}},"8":{"start":{"line":31,"column":0},"end":{"line":31,"column":36}},"9":{"start":{"line":33,"column":31},"end":{"line":37,"column":1}},"10":{"start":{"line":35,"column":2},"end":{"line":35,"column":79}},"11":{"start":{"line":38,"column":0},"end":{"line":38,"column":48}},"12":{"start":{"line":40,"column":27},"end":{"line":44,"column":1}},"13":{"start":{"line":42,"column":2},"end":{"line":42,"column":68}},"14":{"start":{"line":45,"column":0},"end":{"line":45,"column":40}},"15":{"start":{"line":47,"column":26},"end":{"line":51,"column":1}},"16":{"start":{"line":49,"column":2},"end":{"line":49,"column":86}},"17":{"start":{"line":52,"column":0},"end":{"line":52,"column":38}}},"fnMap":{"0":{"name":"(anonymous_0)","decl":{"start":{"line":5,"column":1},"end":{"line":5,"column":2}},"loc":{"start":{"line":6,"column":2},"end":{"line":10,"column":4}},"line":6},"1":{"name":"(anonymous_1)","decl":{"start":{"line":16,"column":1},"end":{"line":16,"column":2}},"loc":{"start":{"line":17,"column":2},"end":{"line":17,"column":89}},"line":17},"2":{"name":"(anonymous_2)","decl":{"start":{"line":23,"column":1},"end":{"line":23,"column":2}},"loc":{"start":{"line":24,"column":2},"end":{"line":28,"column":4}},"line":24},"3":{"name":"(anonymous_3)","decl":{"start":{"line":34,"column":1},"end":{"line":34,"column":2}},"loc":{"start":{"line":35,"column":2},"end":{"line":35,"column":79}},"line":35},"4":{"name":"(anonymous_4)","decl":{"start":{"line":41,"column":1},"end":{"line":41,"column":2}},"loc":{"start":{"line":42,"column":2},"end":{"line":42,"column":68}},"line":42},"5":{"name":"(anonymous_5)","decl":{"start":{"line":48,"column":1},"end":{"line":48,"column":2}},"loc":{"start":{"line":49,"column":2},"end":{"line":49,"column":86}},"line":49}},"branchMap":{},"s":{"0":5,"1":28,"2":5,"3":5,"4":28,"5":5,"6":5,"7":28,"8":5,"9":5,"10":8,"11":5,"12":5,"13":28,"14":5,"15":5,"16":8,"17":5},"f":{"0":28,"1":28,"2":28,"3":8,"4":28,"5":8},"b":{},"_coverageSchema":"1a1c01bbd47fc00a2c39e90264f33305004495a9","hash":"99891325aee5ebb65a3bbc2f14613b8f76eb235e"}
,"/home/alexandre/Documentos/jobs/tech-tests/ai_scribe_skeleton/client/components/ui/input.tsx": {"path":"/home/alexandre/Documentos/jobs/tech-tests/ai_scribe_skeleton/client/components/ui/input.tsx","statementMap":{"0":{"start":{"line":7,"column":21},"end":{"line":20,"column":1}},"1":{"start":{"line":9,"column":4},"end":{"line":18,"column":6}},"2":{"start":{"line":21,"column":0},"end":{"line":21,"column":28}}},"fnMap":{"0":{"name":"(anonymous_0)","decl":{"start":{"line":8,"column":2},"end":{"line":8,"column":3}},"loc":{"start":{"line":8,"column":36},"end":{"line":19,"column":3}},"line":8}},"branchMap":{},"s":{"0":4,"1":21,"2":4},"f":{"0":21},"b":{},"_coverageSchema":"1a1c01bbd47fc00a2c39e90264f33305004495a9","hash":"a65723ab917820f92a1f1f39dde3b314d4242400"}
,"/home/alexandre/Documentos/jobs/tech-tests/ai_scribe_skeleton/client/components/ui/label.tsx": {"path":"/home/alexandre/Documentos/jobs/tech-tests/ai_scribe_skeleton/client/components/ui/label.tsx","statementMap":{"0":{"start":{"line":7,"column":21},"end":{"line":17,"column":1}},"1":{"start":{"line":9,"column":4},"end":{"line":15,"column":6}},"2":{"start":{"line":18,"column":0},"end":{"line":18,"column":28}}},"fnMap":{"0":{"name":"(anonymous_0)","decl":{"start":{"line":8,"column":2},"end":{"line":8,"column":3}},"loc":{"start":{"line":8,"column":36},"end":{"line":16,"column":3}},"line":8}},"branchMap":{},"s":{"0":2,"1":16,"2":2},"f":{"0":16},"b":{},"_coverageSchema":"1a1c01bbd47fc00a2c39e90264f33305004495a9","hash":"ecbe3cc2e4e9090654f592e5472916cad55fdac1"}
,"/home/alexandre/Documentos/jobs/tech-tests/ai_scribe_skeleton/client/components/ui/select.tsx": {"path":"/home/alexandre/Documentos/jobs/tech-tests/ai_scribe_skeleton/client/components/ui/select.tsx","statementMap":{"0":{"start":{"line":6,"column":22},"end":{"line":21,"column":1}},"1":{"start":{"line":8,"column":2},"end":{"line":19,"column":4}},"2":{"start":{"line":22,"column":0},"end":{"line":22,"column":30}}},"fnMap":{"0":{"name":"(anonymous_0)","decl":{"start":{"line":7,"column":1},"end":{"line":7,"column":2}},"loc":{"start":{"line":7,"column":45},"end":{"line":20,"column":2}},"line":7}},"branchMap":{},"s":{"0":2,"1":8,"2":2},"f":{"0":8},"b":{},"_coverageSchema":"1a1c01bbd47fc00a2c39e90264f33305004495a9","hash":"13503c0205d7e30a323e813f60eaaab915f1cb0b"}
,"/home/alexandre/Documentos/jobs/tech-tests/ai_scribe_skeleton/client/components/ui/skeleton.tsx": {"path":"/home/alexandre/Documentos/jobs/tech-tests/ai_scribe_skeleton/client/components/ui/skeleton.tsx","statementMap":{"0":{"start":{"line":6,"column":49},"end":{"line":13,"column":1}},"1":{"start":{"line":7,"column":1},"end":{"line":12,"column":3}}},"fnMap":{"0":{"name":"(anonymous_0)","decl":{"start":{"line":6,"column":49},"end":{"line":6,"column":50}},"loc":{"start":{"line":6,"column":78},"end":{"line":13,"column":1}},"line":6}},"branchMap":{},"s":{"0":3,"1":10},"f":{"0":10},"b":{},"_coverageSchema":"1a1c01bbd47fc00a2c39e90264f33305004495a9","hash":"47a66d3a2da5305d9621b4d5e178bba1477a3fde"}
,"/home/alexandre/Documentos/jobs/tech-tests/ai_scribe_skeleton/client/components/ui/table.tsx": {"path":"/home/alexandre/Documentos/jobs/tech-tests/ai_scribe_skeleton/client/components/ui/table.tsx","statementMap":{"0":{"start":{"line":4,"column":21},"end":{"line":8,"column":1}},"1":{"start":{"line":6,"column":4},"end":{"line":6,"column":93}},"2":{"start":{"line":9,"column":0},"end":{"line":9,"column":28}},"3":{"start":{"line":11,"column":27},"end":{"line":15,"column":1}},"4":{"start":{"line":13,"column":4},"end":{"line":13,"column":90}},"5":{"start":{"line":16,"column":0},"end":{"line":16,"column":40}},"6":{"start":{"line":18,"column":25},"end":{"line":22,"column":1}},"7":{"start":{"line":20,"column":4},"end":{"line":20,"column":90}},"8":{"start":{"line":23,"column":0},"end":{"line":23,"column":36}},"9":{"start":{"line":25,"column":24},"end":{"line":29,"column":1}},"10":{"start":{"line":27,"column":4},"end":{"line":27,"column":104}},"11":{"start":{"line":30,"column":0},"end":{"line":30,"column":34}},"12":{"start":{"line":32,"column":25},"end":{"line":40,"column":1}},"13":{"start":{"line":34,"column":4},"end":{"line":38,"column":6}},"14":{"start":{"line":41,"column":0},"end":{"line":41,"column":36}},"15":{"start":{"line":43,"column":25},"end":{"line":47,"column":1}},"16":{"start":{"line":45,"column":4},"end":{"line":45,"column":77}},"17":{"start":{"line":48,"column":0},"end":{"line":48,"column":36}}},"fnMap":{"0":{"name":"(anonymous_0)","decl":{"start":{"line":5,"column":2},"end":{"line":5,"column":3}},"loc":{"start":{"line":6,"column":4},"end":{"line":6,"column":93}},"line":6},"1":{"name":"(anonymous_1)","decl":{"start":{"line":12,"column":2},"end":{"line":12,"column":3}},"loc":{"start":{"line":13,"column":4},"end":{"line":13,"column":90}},"line":13},"2":{"name":"(anonymous_2)","decl":{"start":{"line":19,"column":2},"end":{"line":19,"column":3}},"loc":{"start":{"line":20,"column":4},"end":{"line":20,"column":90}},"line":20},"3":{"name":"(anonymous_3)","decl":{"start":{"line":26,"column":2},"end":{"line":26,"column":3}},"loc":{"start":{"line":27,"column":4},"end":{"line":27,"column":104}},"line":27},"4":{"name":"(anonymous_4)","decl":{"start":{"line":33,"column":2},"end":{"line":33,"column":3}},"loc":{"start":{"line":34,"column":4},"end":{"line":38,"column":6}},"line":34},"5":{"name":"(anonymous_5)","decl":{"start":{"line":44,"column":2},"end":{"line":44,"column":3}},"loc":{"start":{"line":45,"column":4},"end":{"line":45,"column":77}},"line":45}},"branchMap":{},"s":{"0":3,"1":14,"2":3,"3":3,"4":14,"5":3,"6":3,"7":14,"8":3,"9":3,"10":36,"11":3,"12":3,"13":54,"14":3,"15":3,"16":74,"17":3},"f":{"0":14,"1":14,"2":14,"3":36,"4":54,"5":74},"b":{},"_coverageSchema":"1a1c01bbd47fc00a2c39e90264f33305004495a9","hash":"653f3ee66526c40a009abdbe66b363934bac711a"}
,"/home/alexandre/Documentos/jobs/tech-tests/ai_scribe_skeleton/client/lib/utils.ts": {"path":"/home/alexandre/Documentos/jobs/tech-tests/ai_scribe_skeleton/client/lib/utils.ts","statementMap":{"0":{"start":{"line":4,"column":2},"end":{"line":4,"column":42}}},"fnMap":{"0":{"name":"cn","decl":{"start":{"line":1,"column":16},"end":{"line":1,"column":18}},"loc":{"start":{"line":3,"column":10},"end":{"line":5,"column":1}},"line":3}},"branchMap":{},"s":{"0":407},"f":{"0":407},"b":{},"_coverageSchema":"1a1c01bbd47fc00a2c39e90264f33305004495a9","hash":"16e5fe5cbc2ad97489ef28e56d5dff92061513f1"}
,"/home/alexandre/Documentos/jobs/tech-tests/ai_scribe_skeleton/client/pages/index.tsx": {"path":"/home/alexandre/Documentos/jobs/tech-tests/ai_scribe_skeleton/client/pages/index.tsx","statementMap":{"0":{"start":{"line":16,"column":34},"end":{"line":16,"column":57}},"1":{"start":{"line":17,"column":36},"end":{"line":17,"column":75}},"2":{"start":{"line":18,"column":36},"end":{"line":18,"column":63}},"3":{"start":{"line":19,"column":32},"end":{"line":19,"column":52}},"4":{"start":{"line":20,"column":40},"end":{"line":20,"column":86}},"5":{"start":{"line":21,"column":38},"end":{"line":21,"column":53}},"6":{"start":{"line":22,"column":19},"end":{"line":22,"column":56}},"7":{"start":{"line":23,"column":17},"end":{"line":23,"column":54}},"8":{"start":{"line":25,"column":2},"end":{"line":33,"column":15}},"9":{"start":{"line":27,"column":18},"end":{"line":27,"column":51}},"10":{"start":{"line":28,"column":19},"end":{"line":28,"column":35}},"11":{"start":{"line":29,"column":6},"end":{"line":29,"column":24}},"12":{"start":{"line":30,"column":6},"end":{"line":30,"column":52}},"13":{"start":{"line":30,"column":27},"end":{"line":30,"column":52}},"14":{"start":{"line":32,"column":4},"end":{"line":32,"column":41}},"15":{"start":{"line":36,"column":4},"end":{"line":36,"column":23}},"16":{"start":{"line":37,"column":4},"end":{"line":37,"column":24}},"17":{"start":{"line":38,"column":4},"end":{"line":38,"column":24}},"18":{"start":{"line":42,"column":4},"end":{"line":42,"column":23}},"19":{"start":{"line":43,"column":4},"end":{"line":43,"column":24}},"20":{"start":{"line":44,"column":4},"end":{"line":44,"column":25}},"21":{"start":{"line":48,"column":4},"end":{"line":48,"column":23}},"22":{"start":{"line":49,"column":4},"end":{"line":49,"column":24}},"23":{"start":{"line":50,"column":4},"end":{"line":50,"column":25}},"24":{"start":{"line":51,"column":4},"end":{"line":53,"column":5}},"25":{"start":{"line":52,"column":6},"end":{"line":52,"column":44}},"26":{"start":{"line":57,"column":4},"end":{"line":57,"column":23}},"27":{"start":{"line":58,"column":4},"end":{"line":58,"column":41}},"28":{"start":{"line":58,"column":34},"end":{"line":58,"column":41}},"29":{"start":{"line":59,"column":21},"end":{"line":59,"column":35}},"30":{"start":{"line":60,"column":4},"end":{"line":60,"column":52}},"31":{"start":{"line":61,"column":4},"end":{"line":61,"column":40}},"32":{"start":{"line":62,"column":4},"end":{"line":62,"column":27}},"33":{"start":{"line":63,"column":4},"end":{"line":63,"column":29}},"34":{"start":{"line":64,"column":4},"end":{"line":80,"column":5}},"35":{"start":{"line":65,"column":18},"end":{"line":68,"column":8}},"36":{"start":{"line":69,"column":6},"end":{"line":72,"column":7}},"37":{"start":{"line":70,"column":20},"end":{"line":70,"column":36}},"38":{"start":{"line":71,"column":8},"end":{"line":71,"column":54}},"39":{"start":{"line":73,"column":6},"end":{"line":73,"column":32}},"40":{"start":{"line":74,"column":6},"end":{"line":74,"column":46}},"41":{"start":{"line":75,"column":6},"end":{"line":75,"column":25}},"42":{"start":{"line":76,"column":6},"end":{"line":76,"column":56}},"43":{"start":{"line":76,"column":28},"end":{"line":76,"column":56}},"44":{"start":{"line":78,"column":6},"end":{"line":78,"column":30}},"45":{"start":{"line":79,"column":6},"end":{"line":79,"column":30}},"46":{"start":{"line":83,"column":2},"end":{"line":164,"column":4}},"47":{"start":{"line":102,"column":33},"end":{"line":102,"column":69}},"48":{"start":{"line":105,"column":18},"end":{"line":107,"column":27}},"49":{"start":{"line":122,"column":53},"end":{"line":122,"column":78}},"50":{"start":{"line":137,"column":33},"end":{"line":137,"column":74}}},"fnMap":{"0":{"name":"Home","decl":{"start":{"line":15,"column":24},"end":{"line":15,"column":28}},"loc":{"start":{"line":15,"column":31},"end":{"line":165,"column":1}},"line":15},"1":{"name":"(anonymous_1)","decl":{"start":{"line":25,"column":12},"end":{"line":25,"column":13}},"loc":{"start":{"line":25,"column":18},"end":{"line":33,"column":3}},"line":25},"2":{"name":"fetchPatients","decl":{"start":{"line":26,"column":19},"end":{"line":26,"column":32}},"loc":{"start":{"line":26,"column":35},"end":{"line":31,"column":5}},"line":26},"3":{"name":"onDragOver","decl":{"start":{"line":35,"column":11},"end":{"line":35,"column":21}},"loc":{"start":{"line":35,"column":42},"end":{"line":39,"column":3}},"line":35},"4":{"name":"onDragLeave","decl":{"start":{"line":41,"column":11},"end":{"line":41,"column":22}},"loc":{"start":{"line":41,"column":43},"end":{"line":45,"column":3}},"line":41},"5":{"name":"onDrop","decl":{"start":{"line":47,"column":11},"end":{"line":47,"column":17}},"loc":{"start":{"line":47,"column":38},"end":{"line":54,"column":3}},"line":47},"6":{"name":"handleSubmit","decl":{"start":{"line":56,"column":17},"end":{"line":56,"column":29}},"loc":{"start":{"line":56,"column":50},"end":{"line":81,"column":3}},"line":56},"7":{"name":"(anonymous_7)","decl":{"start":{"line":102,"column":26},"end":{"line":102,"column":27}},"loc":{"start":{"line":102,"column":33},"end":{"line":102,"column":69}},"line":102},"8":{"name":"(anonymous_8)","decl":{"start":{"line":104,"column":30},"end":{"line":104,"column":31}},"loc":{"start":{"line":105,"column":18},"end":{"line":107,"column":27}},"line":105},"9":{"name":"(anonymous_9)","decl":{"start":{"line":122,"column":47},"end":{"line":122,"column":48}},"loc":{"start":{"line":122,"column":53},"end":{"line":122,"column":78}},"line":122},"10":{"name":"(anonymous_10)","decl":{"start":{"line":137,"column":26},"end":{"line":137,"column":27}},"loc":{"start":{"line":137,"column":33},"end":{"line":137,"column":74}},"line":137}},"branchMap":{"0":{"loc":{"start":{"line":23,"column":17},"end":{"line":23,"column":54}},"type":"binary-expr","locations":[{"start":{"line":23,"column":17},"end":{"line":23,"column":48}},{"start":{"line":23,"column":52},"end":{"line":23,"column":54}}],"line":23},"1":{"loc":{"start":{"line":30,"column":6},"end":{"line":30,"column":52}},"type":"if","locations":[{"start":{"line":30,"column":6},"end":{"line":30,"column":52}},{"start":{},"end":{}}],"line":30},"2":{"loc":{"start":{"line":51,"column":4},"end":{"line":53,"column":5}},"type":"if","locations":[{"start":{"line":51,"column":4},"end":{"line":53,"column":5}},{"start":{},"end":{}}],"line":51},"3":{"loc":{"start":{"line":51,"column":8},"end":{"line":51,"column":55}},"type":"binary-expr","locations":[{"start":{"line":51,"column":8},"end":{"line":51,"column":28}},{"start":{"line":51,"column":32},"end":{"line":51,"column":55}}],"line":51},"4":{"loc":{"start":{"line":58,"column":4},"end":{"line":58,"column":41}},"type":"if","locations":[{"start":{"line":58,"column":4},"end":{"line":58,"column":41}},{"start":{},"end":{}}],"line":58},"5":{"loc":{"start":{"line":58,"column":8},"end":{"line":58,"column":32}},"type":"binary-expr","locations":[{"start":{"line":58,"column":8},"end":{"line":58,"column":18}},{"start":{"line":58,"column":22},"end":{"line":58,"column":32}}],"line":58},"6":{"loc":{"start":{"line":69,"column":6},"end":{"line":72,"column":7}},"type":"if","locations":[{"start":{"line":69,"column":6},"end":{"line":72,"column":7}},{"start":{},"end":{}}],"line":69},"7":{"loc":{"start":{"line":71,"column":24},"end":{"line":71,"column":52}},"type":"binary-expr","locations":[{"start":{"line":71,"column":24},"end":{"line":71,"column":33}},{"start":{"line":71,"column":37},"end":{"line":71,"column":52}}],"line":71},"8":{"loc":{"start":{"line":76,"column":6},"end":{"line":76,"column":56}},"type":"if","locations":[{"start":{"line":76,"column":6},"end":{"line":76,"column":56}},{"start":{},"end":{}}],"line":76},"9":{"loc":{"start":{"line":117,"column":84},"end":{"line":117,"column":160}},"type":"cond-expr","locations":[{"start":{"line":117,"column":97},"end":{"line":117,"column":129}},{"start":{"line":117,"column":132},"end":{"line":117,"column":160}}],"line":117},"10":{"loc":{"start":{"line":123,"column":17},"end":{"line":125,"column":17}},"type":"binary-expr","locations":[{"start":{"line":123,"column":17},"end":{"line":123,"column":26}},{"start":{"line":124,"column":18},"end":{"line":124,"column":91}}],"line":123},"11":{"loc":{"start":{"line":127,"column":59},"end":{"line":127,"column":104}},"type":"cond-expr","locations":[{"start":{"line":127,"column":71},"end":{"line":127,"column":99}},{"start":{"line":127,"column":102},"end":{"line":127,"column":104}}],"line":127},"12":{"loc":{"start":{"line":137,"column":46},"end":{"line":137,"column":73}},"type":"binary-expr","locations":[{"start":{"line":137,"column":46},"end":{"line":137,"column":65}},{"start":{"line":137,"column":69},"end":{"line":137,"column":73}}],"line":137},"13":{"loc":{"start":{"line":144,"column":46},"end":{"line":144,"column":70}},"type":"binary-expr","locations":[{"start":{"line":144,"column":46},"end":{"line":144,"column":56}},{"start":{"line":144,"column":60},"end":{"line":144,"column":70}}],"line":144},"14":{"loc":{"start":{"line":149,"column":11},"end":{"line":155,"column":11}},"type":"binary-expr","locations":[{"start":{"line":149,"column":11},"end":{"line":149,"column":18}},{"start":{"line":150,"column":12},"end":{"line":154,"column":18}}],"line":149},"15":{"loc":{"start":{"line":151,"column":30},"end":{"line":151,"column":112}},"type":"cond-expr","locations":[{"start":{"line":151,"column":58},"end":{"line":151,"column":67}},{"start":{"line":151,"column":70},"end":{"line":151,"column":112}}],"line":151},"16":{"loc":{"start":{"line":151,"column":70},"end":{"line":151,"column":112}},"type":"cond-expr","locations":[{"start":{"line":151,"column":96},"end":{"line":151,"column":103}},{"start":{"line":151,"column":106},"end":{"line":151,"column":112}}],"line":151}},"s":{"0":10,"1":8,"2":8,"3":8,"4":8,"5":8,"6":8,"7":8,"8":8,"9":2,"10":2,"11":2,"12":2,"13":2,"14":2,"15":0,"16":0,"17":0,"18":0,"19":0,"20":0,"21":0,"22":0,"23":0,"24":0,"25":0,"26":1,"27":1,"28":0,"29":1,"30":1,"31":1,"32":1,"33":1,"34":1,"35":1,"36":1,"37":0,"38":0,"39":1,"40":1,"41":1,"42":1,"43":1,"44":0,"45":0,"46":8,"47":0,"48":10,"49":0,"50":2},"f":{"0":10,"1":2,"2":2,"3":0,"4":0,"5":0,"6":1,"7":0,"8":10,"9":0,"10":2},"b":{"0":[8,0],"1":[2,0],"2":[0,0],"3":[0,0],"4":[0,1],"5":[1,1],"6":[0,1],"7":[0,0],"8":[1,0],"9":[0,8],"10":[8,3],"11":[3,5],"12":[2,0],"13":[8,3],"14":[8,2],"15":[1,1],"16":[0,1]},"_coverageSchema":"1a1c01bbd47fc00a2c39e90264f33305004495a9","hash":"f4b21ff3e234e488589af0b900ea862b2967b640"}
,"/home/alexandre/Documentos/jobs/tech-tests/ai_scribe_skeleton/client/pages/notes.tsx": {"path":"/home/alexandre/Documentos/jobs/tech-tests/ai_scribe_skeleton/client/pages/notes.tsx","statementMap":{"0":{"start":{"line":9,"column":16},"end":{"line":9,"column":69}},"1":{"start":{"line":9,"column":33},"end":{"line":9,"column":69}},"2":{"start":{"line":9,"column":58},"end":{"line":9,"column":68}},"3":{"start":{"line":12,"column":17},"end":{"line":12,"column":54}},"4":{"start":{"line":13,"column":26},"end":{"line":13,"column":76}},"5":{"start":{"line":14,"column":28},"end":{"line":14,"column":40}},"6":{"start":{"line":16,"column":19},"end":{"line":23,"column":19}},"7":{"start":{"line":17,"column":4},"end":{"line":17,"column":25}},"8":{"start":{"line":17,"column":15},"end":{"line":17,"column":25}},"9":{"start":{"line":18,"column":14},"end":{"line":18,"column":33}},"10":{"start":{"line":19,"column":4},"end":{"line":22,"column":6}},"11":{"start":{"line":20,"column":6},"end":{"line":21,"column":42}},"12":{"start":{"line":25,"column":2},"end":{"line":25,"column":52}},"13":{"start":{"line":25,"column":13},"end":{"line":25,"column":52}},"14":{"start":{"line":27,"column":2},"end":{"line":94,"column":4}},"15":{"start":{"line":46,"column":35},"end":{"line":46,"column":59}},"16":{"start":{"line":66,"column":22},"end":{"line":79,"column":33}}},"fnMap":{"0":{"name":"(anonymous_0)","decl":{"start":{"line":9,"column":16},"end":{"line":9,"column":17}},"loc":{"start":{"line":9,"column":33},"end":{"line":9,"column":69}},"line":9},"1":{"name":"(anonymous_1)","decl":{"start":{"line":9,"column":49},"end":{"line":9,"column":50}},"loc":{"start":{"line":9,"column":58},"end":{"line":9,"column":68}},"line":9},"2":{"name":"Notes","decl":{"start":{"line":11,"column":24},"end":{"line":11,"column":29}},"loc":{"start":{"line":11,"column":32},"end":{"line":95,"column":1}},"line":11},"3":{"name":"(anonymous_3)","decl":{"start":{"line":16,"column":27},"end":{"line":16,"column":28}},"loc":{"start":{"line":16,"column":33},"end":{"line":23,"column":3}},"line":16},"4":{"name":"(anonymous_4)","decl":{"start":{"line":19,"column":23},"end":{"line":19,"column":24}},"loc":{"start":{"line":20,"column":6},"end":{"line":21,"column":42}},"line":20},"5":{"name":"(anonymous_5)","decl":{"start":{"line":46,"column":28},"end":{"line":46,"column":29}},"loc":{"start":{"line":46,"column":35},"end":{"line":46,"column":59}},"line":46},"6":{"name":"(anonymous_6)","decl":{"start":{"line":65,"column":34},"end":{"line":65,"column":35}},"loc":{"start":{"line":66,"column":22},"end":{"line":79,"column":33}},"line":66}},"branchMap":{"0":{"loc":{"start":{"line":12,"column":17},"end":{"line":12,"column":54}},"type":"binary-expr","locations":[{"start":{"line":12,"column":17},"end":{"line":12,"column":48}},{"start":{"line":12,"column":52},"end":{"line":12,"column":54}}],"line":12},"1":{"loc":{"start":{"line":13,"column":33},"end":{"line":13,"column":66}},"type":"cond-expr","locations":[{"start":{"line":13,"column":42},"end":{"line":13,"column":59}},{"start":{"line":13,"column":62},"end":{"line":13,"column":66}}],"line":13},"2":{"loc":{"start":{"line":17,"column":4},"end":{"line":17,"column":25}},"type":"if","locations":[{"start":{"line":17,"column":4},"end":{"line":17,"column":25}},{"start":{},"end":{}}],"line":17},"3":{"loc":{"start":{"line":20,"column":6},"end":{"line":21,"column":42}},"type":"binary-expr","locations":[{"start":{"line":20,"column":6},"end":{"line":20,"column":48}},{"start":{"line":21,"column":6},"end":{"line":21,"column":42}}],"line":20},"4":{"loc":{"start":{"line":25,"column":2},"end":{"line":25,"column":52}},"type":"if","locations":[{"start":{"line":25,"column":2},"end":{"line":25,"column":52}},{"start":{},"end":{}}],"line":25},"5":{"loc":{"start":{"line":34,"column":11},"end":{"line":90,"column":11}},"type":"cond-expr","locations":[{"start":{"line":35,"column":12},"end":{"line":39,"column":18}},{"start":{"line":41,"column":12},"end":{"line":89,"column":15}}],"line":34},"6":{"loc":{"start":{"line":49,"column":15},"end":{"line":83,"column":15}},"type":"cond-expr","locations":[{"start":{"line":50,"column":16},"end":{"line":53,"column":22}},{"start":{"line":55,"column":16},"end":{"line":82,"column":24}}],"line":49}},"s":{"0":2,"1":2,"2":2,"3":16,"4":16,"5":15,"6":15,"7":15,"8":2,"9":13,"10":13,"11":25,"12":15,"13":0,"14":15,"15":11,"16":15},"f":{"0":2,"1":2,"2":16,"3":15,"4":25,"5":11,"6":15},"b":{"0":[16,0],"1":[16,0],"2":[2,13],"3":[25,22],"4":[0,15],"5":[2,13],"6":[0,13]},"_coverageSchema":"1a1c01bbd47fc00a2c39e90264f33305004495a9","hash":"48d75a916320e381c2febd56e335d0a81d27fa01"}
,"/home/alexandre/Documentos/jobs/tech-tests/ai_scribe_skeleton/client/pages/notes/[id].tsx": {"path":"/home/alexandre/Documentos/jobs/tech-tests/ai_scribe_skeleton/client/pages/notes/[id].tsx","statementMap":{"0":{"start":{"line":8,"column":16},"end":{"line":8,"column":69}},"1":{"start":{"line":8,"column":33},"end":{"line":8,"column":69}},"2":{"start":{"line":8,"column":58},"end":{"line":8,"column":68}},"3":{"start":{"line":11,"column":17},"end":{"line":11,"column":28}},"4":{"start":{"line":12,"column":17},"end":{"line":12,"column":29}},"5":{"start":{"line":13,"column":17},"end":{"line":13,"column":54}},"6":{"start":{"line":14,"column":26},"end":{"line":17,"column":3}},"7":{"start":{"line":19,"column":2},"end":{"line":19,"column":50}},"8":{"start":{"line":19,"column":13},"end":{"line":19,"column":50}},"9":{"start":{"line":21,"column":2},"end":{"line":39,"column":3}},"10":{"start":{"line":22,"column":4},"end":{"line":38,"column":6}},"11":{"start":{"line":41,"column":15},"end":{"line":41,"column":19}},"12":{"start":{"line":42,"column":2},"end":{"line":113,"column":4}}},"fnMap":{"0":{"name":"(anonymous_0)","decl":{"start":{"line":8,"column":16},"end":{"line":8,"column":17}},"loc":{"start":{"line":8,"column":33},"end":{"line":8,"column":69}},"line":8},"1":{"name":"(anonymous_1)","decl":{"start":{"line":8,"column":49},"end":{"line":8,"column":50}},"loc":{"start":{"line":8,"column":58},"end":{"line":8,"column":68}},"line":8},"2":{"name":"NoteDetail","decl":{"start":{"line":10,"column":24},"end":{"line":10,"column":34}},"loc":{"start":{"line":10,"column":37},"end":{"line":114,"column":1}},"line":10}},"branchMap":{"0":{"loc":{"start":{"line":13,"column":17},"end":{"line":13,"column":54}},"type":"binary-expr","locations":[{"start":{"line":13,"column":17},"end":{"line":13,"column":48}},{"start":{"line":13,"column":52},"end":{"line":13,"column":54}}],"line":13},"1":{"loc":{"start":{"line":15,"column":4},"end":{"line":15,"column":39}},"type":"cond-expr","locations":[{"start":{"line":15,"column":9},"end":{"line":15,"column":32}},{"start":{"line":15,"column":35},"end":{"line":15,"column":39}}],"line":15},"2":{"loc":{"start":{"line":19,"column":2},"end":{"line":19,"column":50}},"type":"if","locations":[{"start":{"line":19,"column":2},"end":{"line":19,"column":50}},{"start":{},"end":{}}],"line":19},"3":{"loc":{"start":{"line":21,"column":2},"end":{"line":39,"column":3}},"type":"if","locations":[{"start":{"line":21,"column":2},"end":{"line":39,"column":3}},{"start":{},"end":{}}],"line":21},"4":{"loc":{"start":{"line":95,"column":13},"end":{"line":105,"column":13}},"type":"cond-expr","locations":[{"start":{"line":96,"column":14},"end":{"line":102,"column":16}},{"start":{"line":104,"column":14},"end":{"line":104,"column":87}}],"line":95}},"s":{"0":1,"1":1,"2":1,"3":2,"4":2,"5":2,"6":2,"7":2,"8":0,"9":2,"10":1,"11":1,"12":1},"f":{"0":1,"1":1,"2":2},"b":{"0":[2,0],"1":[2,0],"2":[0,2],"3":[1,1],"4":[1,0]},"_coverageSchema":"1a1c01bbd47fc00a2c39e90264f33305004495a9","hash":"1c27fe63c24680caaadab2fdde6d6e53e5f04346"}
}
