TN:
SF:components/ui/alert.tsx
FN:17,(anonymous_0)
FNF:1
FNH:1
FNDA:2,(anonymous_0)
DA:6,2
DA:16,2
DA:18,2
DA:28,2
LF:4
LH:4
BRDA:17,0,0,0
BRF:1
BRH:0
end_of_record
TN:
SF:components/ui/button.tsx
FN:8,(anonymous_0)
FNF:1
FNH:1
FNDA:16,(anonymous_0)
DA:7,2
DA:9,16
DA:21,2
LF:3
LH:3
BRF:0
BRH:0
end_of_record
TN:
SF:components/ui/card.tsx
FN:5,(anonymous_0)
FN:16,(anonymous_1)
FN:23,(anonymous_2)
FN:34,(anonymous_3)
FN:41,(anonymous_4)
FN:48,(anonymous_5)
FNF:6
FNH:6
FNDA:28,(anonymous_0)
FNDA:28,(anonymous_1)
FNDA:28,(anonymous_2)
FNDA:8,(anonymous_3)
FNDA:28,(anonymous_4)
FNDA:8,(anonymous_5)
DA:4,5
DA:6,28
DA:13,5
DA:15,5
DA:17,28
DA:20,5
DA:22,5
DA:24,28
DA:31,5
DA:33,5
DA:35,8
DA:38,5
DA:40,5
DA:42,28
DA:45,5
DA:47,5
DA:49,8
DA:52,5
LF:18
LH:18
BRF:0
BRH:0
end_of_record
TN:
SF:components/ui/input.tsx
FN:8,(anonymous_0)
FNF:1
FNH:1
FNDA:21,(anonymous_0)
DA:7,4
DA:9,21
DA:21,4
LF:3
LH:3
BRF:0
BRH:0
end_of_record
TN:
SF:components/ui/label.tsx
FN:8,(anonymous_0)
FNF:1
FNH:1
FNDA:16,(anonymous_0)
DA:7,2
DA:9,16
DA:18,2
LF:3
LH:3
BRF:0
BRH:0
end_of_record
TN:
SF:components/ui/select.tsx
FN:7,(anonymous_0)
FNF:1
FNH:1
FNDA:8,(anonymous_0)
DA:6,2
DA:8,8
DA:22,2
LF:3
LH:3
BRF:0
BRH:0
end_of_record
TN:
SF:components/ui/skeleton.tsx
FN:6,(anonymous_0)
FNF:1
FNH:1
FNDA:10,(anonymous_0)
DA:6,3
DA:7,10
LF:2
LH:2
BRF:0
BRH:0
end_of_record
TN:
SF:components/ui/table.tsx
FN:5,(anonymous_0)
FN:12,(anonymous_1)
FN:19,(anonymous_2)
FN:26,(anonymous_3)
FN:33,(anonymous_4)
FN:44,(anonymous_5)
FNF:6
FNH:6
FNDA:14,(anonymous_0)
FNDA:14,(anonymous_1)
FNDA:14,(anonymous_2)
FNDA:36,(anonymous_3)
FNDA:54,(anonymous_4)
FNDA:74,(anonymous_5)
DA:4,3
DA:6,14
DA:9,3
DA:11,3
DA:13,14
DA:16,3
DA:18,3
DA:20,14
DA:23,3
DA:25,3
DA:27,36
DA:30,3
DA:32,3
DA:34,54
DA:41,3
DA:43,3
DA:45,74
DA:48,3
LF:18
LH:18
BRF:0
BRH:0
end_of_record
TN:
SF:lib/utils.ts
FN:1,cn
FNF:1
FNH:1
FNDA:407,cn
DA:4,407
LF:1
LH:1
BRF:0
BRH:0
end_of_record
TN:
SF:pages/index.tsx
FN:15,Home
FN:25,(anonymous_1)
FN:26,fetchPatients
FN:35,onDragOver
FN:41,onDragLeave
FN:47,onDrop
FN:56,handleSubmit
FN:102,(anonymous_7)
FN:104,(anonymous_8)
FN:122,(anonymous_9)
FN:137,(anonymous_10)
FNF:11
FNH:6
FNDA:10,Home
FNDA:2,(anonymous_1)
FNDA:2,fetchPatients
FNDA:0,onDragOver
FNDA:0,onDragLeave
FNDA:0,onDrop
FNDA:1,handleSubmit
FNDA:0,(anonymous_7)
FNDA:10,(anonymous_8)
FNDA:0,(anonymous_9)
FNDA:2,(anonymous_10)
DA:16,10
DA:17,8
DA:18,8
DA:19,8
DA:20,8
DA:21,8
DA:22,8
DA:23,8
DA:25,8
DA:27,2
DA:28,2
DA:29,2
DA:30,2
DA:32,2
DA:36,0
DA:37,0
DA:38,0
DA:42,0
DA:43,0
DA:44,0
DA:48,0
DA:49,0
DA:50,0
DA:51,0
DA:52,0
DA:57,1
DA:58,1
DA:59,1
DA:60,1
DA:61,1
DA:62,1
DA:63,1
DA:64,1
DA:65,1
DA:69,1
DA:70,0
DA:71,0
DA:73,1
DA:74,1
DA:75,1
DA:76,1
DA:78,0
DA:79,0
DA:83,8
DA:102,0
DA:105,10
DA:122,0
DA:137,2
LF:48
LH:31
BRDA:23,0,0,8
BRDA:23,0,1,0
BRDA:30,1,0,2
BRDA:30,1,1,0
BRDA:51,2,0,0
BRDA:51,2,1,0
BRDA:51,3,0,0
BRDA:51,3,1,0
BRDA:58,4,0,0
BRDA:58,4,1,1
BRDA:58,5,0,1
BRDA:58,5,1,1
BRDA:69,6,0,0
BRDA:69,6,1,1
BRDA:71,7,0,0
BRDA:71,7,1,0
BRDA:76,8,0,1
BRDA:76,8,1,0
BRDA:117,9,0,0
BRDA:117,9,1,8
BRDA:123,10,0,8
BRDA:123,10,1,3
BRDA:127,11,0,3
BRDA:127,11,1,5
BRDA:137,12,0,2
BRDA:137,12,1,0
BRDA:144,13,0,8
BRDA:144,13,1,3
BRDA:149,14,0,8
BRDA:149,14,1,2
BRDA:151,15,0,1
BRDA:151,15,1,1
BRDA:151,16,0,0
BRDA:151,16,1,1
BRF:34
BRH:20
end_of_record
TN:
SF:pages/notes.tsx
FN:9,(anonymous_0)
FN:9,(anonymous_1)
FN:11,Notes
FN:16,(anonymous_3)
FN:19,(anonymous_4)
FN:46,(anonymous_5)
FN:65,(anonymous_6)
FNF:7
FNH:7
FNDA:2,(anonymous_0)
FNDA:2,(anonymous_1)
FNDA:16,Notes
FNDA:15,(anonymous_3)
FNDA:25,(anonymous_4)
FNDA:11,(anonymous_5)
FNDA:15,(anonymous_6)
DA:9,2
DA:12,16
DA:13,16
DA:14,15
DA:16,15
DA:17,15
DA:18,13
DA:19,13
DA:20,25
DA:25,15
DA:27,15
DA:46,11
DA:66,15
LF:13
LH:13
BRDA:12,0,0,16
BRDA:12,0,1,0
BRDA:13,1,0,16
BRDA:13,1,1,0
BRDA:17,2,0,2
BRDA:17,2,1,13
BRDA:20,3,0,25
BRDA:20,3,1,22
BRDA:25,4,0,0
BRDA:25,4,1,15
BRDA:34,5,0,2
BRDA:34,5,1,13
BRDA:49,6,0,0
BRDA:49,6,1,13
BRF:14
BRH:10
end_of_record
TN:
SF:pages/notes/[id].tsx
FN:8,(anonymous_0)
FN:8,(anonymous_1)
FN:10,NoteDetail
FNF:3
FNH:3
FNDA:1,(anonymous_0)
FNDA:1,(anonymous_1)
FNDA:2,NoteDetail
DA:8,1
DA:11,2
DA:12,2
DA:13,2
DA:14,2
DA:19,2
DA:21,2
DA:22,1
DA:41,1
DA:42,1
LF:10
LH:10
BRDA:13,0,0,2
BRDA:13,0,1,0
BRDA:15,1,0,2
BRDA:15,1,1,0
BRDA:19,2,0,0
BRDA:19,2,1,2
BRDA:21,3,0,1
BRDA:21,3,1,1
BRDA:95,4,0,1
BRDA:95,4,1,0
BRF:10
BRH:6
end_of_record
